Using pre-set license
Built from '2021.3/staging' branch; Version is '2021.3.8f1 (b30333d56e81) revision 11731763'; Using compiler version '192829333'; Build Type 'Release'
OS: 'Windows 10  (10.0.19044) 64bit Core' Language: 'pt' Physical Memory: 7985 MB
BatchMode: 1, IsHumanControllingUs: 0, StartBugReporterOnCrash: 0, Is64bit: 1, IsPro: 1

COMMAND LINE ARGUMENTS:
C:\Program Files\Unity\Hub\Editor\2021.3.8f1\Editor\Unity.exe
-adb2
-batchMode
-noUpm
-name
AssetImportWorker2
-projectPath
D:/Fabrica
-logFile
Logs/AssetImportWorker2.log
-srvPort
57147
Successfully changed project path to: D:/Fabrica
D:/Fabrica
[UnityMemory] Configuration Parameters - Can be set up in boot.config
    "memorysetup-bucket-allocator-granularity=16"
    "memorysetup-bucket-allocator-bucket-count=8"
    "memorysetup-bucket-allocator-block-size=33554432"
    "memorysetup-bucket-allocator-block-count=8"
    "memorysetup-main-allocator-block-size=16777216"
    "memorysetup-thread-allocator-block-size=16777216"
    "memorysetup-gfx-main-allocator-block-size=16777216"
    "memorysetup-gfx-thread-allocator-block-size=16777216"
    "memorysetup-cache-allocator-block-size=4194304"
    "memorysetup-typetree-allocator-block-size=2097152"
    "memorysetup-profiler-bucket-allocator-granularity=16"
    "memorysetup-profiler-bucket-allocator-bucket-count=8"
    "memorysetup-profiler-bucket-allocator-block-size=33554432"
    "memorysetup-profiler-bucket-allocator-block-count=8"
    "memorysetup-profiler-allocator-block-size=16777216"
    "memorysetup-profiler-editor-allocator-block-size=1048576"
    "memorysetup-temp-allocator-size-main=16777216"
    "memorysetup-job-temp-allocator-block-size=2097152"
    "memorysetup-job-temp-allocator-block-size-background=1048576"
    "memorysetup-job-temp-allocator-reduction-small-platforms=262144"
    "memorysetup-temp-allocator-size-background-worker=32768"
    "memorysetup-temp-allocator-size-job-worker=262144"
    "memorysetup-temp-allocator-size-preload-manager=33554432"
    "memorysetup-temp-allocator-size-nav-mesh-worker=65536"
    "memorysetup-temp-allocator-size-audio-worker=65536"
    "memorysetup-temp-allocator-size-cloud-worker=32768"
    "memorysetup-temp-allocator-size-gi-baking-worker=262144"
    "memorysetup-temp-allocator-size-gfx=262144"
Refreshing native plugins compatible for Editor in 144.02 ms, found 3 plugins.
Preloading 0 native plugins for Editor in 0.00 ms.
Initialize engine version: 2021.3.8f1 (b30333d56e81)
[Subsystems] Discovering subsystems at path C:/Program Files/Unity/Hub/Editor/2021.3.8f1/Editor/Data/Resources/UnitySubsystems
[Subsystems] Discovering subsystems at path D:/Fabrica/Assets
GfxDevice: creating device client; threaded=0; jobified=0
Direct3D:
    Version:  Direct3D 11.0 [level 11.1]
    Renderer: NVIDIA GeForce GTX 1650 (ID=0x1f99)
    Vendor:   NVIDIA
    VRAM:     3962 MB
    Driver:   30.0.15.1272
Initialize mono
Mono path[0] = 'C:/Program Files/Unity/Hub/Editor/2021.3.8f1/Editor/Data/Managed'
Mono path[1] = 'C:/Program Files/Unity/Hub/Editor/2021.3.8f1/Editor/Data/MonoBleedingEdge/lib/mono/unityjit-win32'
Mono config path = 'C:/Program Files/Unity/Hub/Editor/2021.3.8f1/Editor/Data/MonoBleedingEdge/etc'
Using monoOptions --debugger-agent=transport=dt_socket,embedding=1,server=y,suspend=n,address=127.0.0.1:56856
Begin MonoManager ReloadAssembly
Registering precompiled unity dll's ...
Register platform support module: C:/Program Files/Unity/Hub/Editor/2021.3.8f1/Editor/Data/PlaybackEngines/WebGLSupport/UnityEditor.WebGL.Extensions.dll
Register platform support module: C:/Program Files/Unity/Hub/Editor/2021.3.8f1/Editor/Data/PlaybackEngines/WindowsStandaloneSupport/UnityEditor.WindowsStandalone.Extensions.dll
Registered in 0.013884 seconds.
Native extension for WindowsStandalone target not found
Native extension for WebGL target not found
Refreshing native plugins compatible for Editor in 136.55 ms, found 3 plugins.
Preloading 0 native plugins for Editor in 0.00 ms.
Mono: successfully reloaded assembly
- Completed reload, in  1.203 seconds
Domain Reload Profiling:
	ReloadAssembly (1204ms)
		BeginReloadAssembly (146ms)
			ExecutionOrderSort (0ms)
			DisableScriptedObjects (0ms)
			BackupInstance (0ms)
			ReleaseScriptingObjects (0ms)
			CreateAndSetChildDomain (2ms)
		EndReloadAssembly (845ms)
			LoadAssemblies (142ms)
			RebuildTransferFunctionScriptingTraits (0ms)
			SetupTypeCache (209ms)
			ReleaseScriptCaches (0ms)
			RebuildScriptCaches (62ms)
			SetupLoadedEditorAssemblies (484ms)
				LogAssemblyErrors (0ms)
				InitializePlatformSupportModulesInManaged (19ms)
				SetLoadedEditorAssemblies (0ms)
				RefreshPlugins (137ms)
				BeforeProcessingInitializeOnLoad (3ms)
				ProcessInitializeOnLoadAttributes (239ms)
				ProcessInitializeOnLoadMethodAttributes (86ms)
				AfterProcessingInitializeOnLoad (0ms)
				EditorAssembliesLoaded (0ms)
			ExecutionOrderSort2 (0ms)
			AwakeInstancesAfterBackupRestoration (0ms)
Platform modules already initialized, skipping
Registering precompiled user dll's ...
Registered in 0.007477 seconds.
Begin MonoManager ReloadAssembly
Symbol file LoadedFromMemory doesn't match image D:\Fabrica\Library\PackageCache\com.unity.visualscripting@1.7.8\Editor\VisualScripting.Core\Dependencies\YamlDotNet\Unity.VisualScripting.YamlDotNet.dll
Symbol file LoadedFromMemory doesn't match image D:\Fabrica\Library\PackageCache\com.unity.visualscripting@1.7.8\Editor\VisualScripting.Core\Dependencies\DotNetZip\Unity.VisualScripting.IonicZip.dll
Native extension for WindowsStandalone target not found
Native extension for WebGL target not found
Refreshing native plugins compatible for Editor in 1.74 ms, found 3 plugins.
Preloading 0 native plugins for Editor in 0.00 ms.
Mono: successfully reloaded assembly
- Completed reload, in  2.182 seconds
Domain Reload Profiling:
	ReloadAssembly (2183ms)
		BeginReloadAssembly (225ms)
			ExecutionOrderSort (0ms)
			DisableScriptedObjects (11ms)
			BackupInstance (0ms)
			ReleaseScriptingObjects (0ms)
			CreateAndSetChildDomain (42ms)
		EndReloadAssembly (1751ms)
			LoadAssemblies (162ms)
			RebuildTransferFunctionScriptingTraits (0ms)
			SetupTypeCache (517ms)
			ReleaseScriptCaches (1ms)
			RebuildScriptCaches (113ms)
			SetupLoadedEditorAssemblies (923ms)
				LogAssemblyErrors (0ms)
				InitializePlatformSupportModulesInManaged (15ms)
				SetLoadedEditorAssemblies (1ms)
				RefreshPlugins (2ms)
				BeforeProcessingInitializeOnLoad (159ms)
				ProcessInitializeOnLoadAttributes (672ms)
				ProcessInitializeOnLoadMethodAttributes (60ms)
				AfterProcessingInitializeOnLoad (14ms)
				EditorAssembliesLoaded (0ms)
			ExecutionOrderSort2 (0ms)
			AwakeInstancesAfterBackupRestoration (8ms)
Platform modules already initialized, skipping
========================================================================
Worker process is ready to serve import requests
Launched and connected shader compiler UnityShaderCompiler.exe after 0.12 seconds
Refreshing native plugins compatible for Editor in 1.40 ms, found 3 plugins.
Preloading 0 native plugins for Editor in 0.00 ms.
Unloading 3521 Unused Serialized files (Serialized files now loaded: 0)
Unloading 87 unused Assets / (10.2 MB). Loaded Objects now: 3954.
Memory consumption went from 170.7 MB to 160.6 MB.
Total: 15.823500 ms (FindLiveObjects: 0.583300 ms CreateObjectMapping: 0.572600 ms MarkObjects: 5.163200 ms  DeleteObjects: 9.502500 ms)

AssetImportParameters requested are different than current active one (requested -> active):
  custom:video-decoder-ogg-theora: a1e56fd34408186e4bbccfd4996cb3dc -> 
  custom:container-muxer-webm: aa71ff27fc2769a1b78a27578f13a17b -> 
  custom:container-demuxer-webm: 4f35f7cbe854078d1ac9338744f61a02 -> 
  custom:video-encoder-webm-vp8: eb34c28f22e8b96e1ab97ce403110664 -> 
  custom:video-codec-MediaFoundation-h265: 746d11721c4dcdbdad8f713fa42b33f4 -> 
  custom:audio-encoder-webm-vorbis: bf7c407c2cedff20999df2af8eb42d56 -> 
  custom:framework-win-MediaFoundation: 216162199b28c13a410421893ffa2e32 -> 
  custom:container-demuxer-ogg: 62fdf1f143b41e24485cea50d1cbac27 -> 
  custom:video-decoder-webm-vp8: 9c59270c3fd7afecdb556c50c9e8de78 -> 
  custom:audio-decoder-ogg-vorbis: bf7c407c2cedff20999df2af8eb42d56 -> 
========================================================================
Received Import Request.
  Time since last request: 1555.433414 seconds.
  path: Assets/Picola/Animação/Player.controller
  artifactKey: Guid(bd193a2883862c840b5ed0349cf7da54) Importer(815301076,1909f56bfc062723c751e8b465ee728b)
Start importing Assets/Picola/Animação/Player.controller using Guid(bd193a2883862c840b5ed0349cf7da54) Importer(815301076,1909f56bfc062723c751e8b465ee728b)  -> (artifact id: '1448c215fc03c423d7f80e496049e754') in 0.105827 seconds 
========================================================================
Received Import Request.
  Time since last request: 0.000057 seconds.
  path: Assets/Picola/Animação/walk.fbx
  artifactKey: Guid(b6b53dcad26dd2646a55922bb7b8c78a) Importer(815301076,1909f56bfc062723c751e8b465ee728b)
Start importing Assets/Picola/Animação/walk.fbx using Guid(b6b53dcad26dd2646a55922bb7b8c78a) Importer(815301076,1909f56bfc062723c751e8b465ee728b)  -> (artifact id: '69e74608063cf2d6c876d6f16ed12595') in 0.161040 seconds 
========================================================================
Received Import Request.
  Time since last request: 106.706655 seconds.
  path: Assets/Picola/Animação/Box Walk Arc.fbx
  artifactKey: Guid(c0983646c4b0911479d24cde6ca96c0a) Importer(815301076,1909f56bfc062723c751e8b465ee728b)
Start importing Assets/Picola/Animação/Box Walk Arc.fbx using Guid(c0983646c4b0911479d24cde6ca96c0a) Importer(815301076,1909f56bfc062723c751e8b465ee728b)  -> (artifact id: 'f73ddb796bda3bc3cd27d440d92ce537') in 0.046995 seconds 
========================================================================
Received Import Request.
  Time since last request: 14.380690 seconds.
  path: Assets/Picola/Animação/Box Walk Arc.fbx
  artifactKey: Guid(c0983646c4b0911479d24cde6ca96c0a) Importer(815301076,1909f56bfc062723c751e8b465ee728b)
Start importing Assets/Picola/Animação/Box Walk Arc.fbx using Guid(c0983646c4b0911479d24cde6ca96c0a) Importer(815301076,1909f56bfc062723c751e8b465ee728b)  -> (artifact id: 'c399de617f62ac8c9c50629e20f89cd8') in 0.035246 seconds 
========================================================================
Received Import Request.
  Time since last request: 78.048321 seconds.
  path: Assets/Picola/Animação/Box Walk Arc.fbx
  artifactKey: Guid(c0983646c4b0911479d24cde6ca96c0a) Importer(815301076,1909f56bfc062723c751e8b465ee728b)
Start importing Assets/Picola/Animação/Box Walk Arc.fbx using Guid(c0983646c4b0911479d24cde6ca96c0a) Importer(815301076,1909f56bfc062723c751e8b465ee728b)  -> (artifact id: 'c8a432855599bd820227d2521fc33388') in 0.117971 seconds 
========================================================================
Received Import Request.
  Time since last request: 41.103930 seconds.
  path: Assets/Picola/Animação/Take.fbx
  artifactKey: Guid(acaf8688f92a0d342a915c47c04372d2) Importer(815301076,1909f56bfc062723c751e8b465ee728b)
Start importing Assets/Picola/Animação/Take.fbx using Guid(acaf8688f92a0d342a915c47c04372d2) Importer(815301076,1909f56bfc062723c751e8b465ee728b)  -> (artifact id: '0b99dd8bf1a5b0c8868609ae468f65c1') in 0.035768 seconds 
========================================================================
Received Import Request.
  Time since last request: 33.230699 seconds.
  path: Assets/Picola/Animação/walk.fbx
  artifactKey: Guid(b6b53dcad26dd2646a55922bb7b8c78a) Importer(815301076,1909f56bfc062723c751e8b465ee728b)
Start importing Assets/Picola/Animação/walk.fbx using Guid(b6b53dcad26dd2646a55922bb7b8c78a) Importer(815301076,1909f56bfc062723c751e8b465ee728b)  -> (artifact id: '7f0ce88fe3bfe0aeca62fc4ecbb09fad') in 0.037662 seconds 
========================================================================
Received Import Request.
  Time since last request: 91.733097 seconds.
  path: Assets/Picola/Animação/Idle.fbx
  artifactKey: Guid(acaf8688f92a0d342a915c47c04372d2) Importer(815301076,1909f56bfc062723c751e8b465ee728b)
Start importing Assets/Picola/Animação/Idle.fbx using Guid(acaf8688f92a0d342a915c47c04372d2) Importer(815301076,1909f56bfc062723c751e8b465ee728b)  -> (artifact id: '0bffb5e45cc0b9cb8415c6c4ee93a370') in 0.197491 seconds 
========================================================================
Received Import Request.
  Time since last request: 29.500334 seconds.
  path: Assets/CENARIO/Meshtint Free Chicken Mega Toon Series/FBX/Toon Chicken@Idle.FBX
  artifactKey: Guid(46d0b1354c1891d458a732548bb69bf6) Importer(815301076,1909f56bfc062723c751e8b465ee728b)
Start importing Assets/CENARIO/Meshtint Free Chicken Mega Toon Series/FBX/Toon Chicken@Idle.FBX using Guid(46d0b1354c1891d458a732548bb69bf6) Importer(815301076,1909f56bfc062723c751e8b465ee728b)  -> (artifact id: '63790aca349ac330d98634f51e7d0ce7') in 0.292387 seconds 
========================================================================
Received Prepare
Registering precompiled user dll's ...
Registered in 0.004164 seconds.
Begin MonoManager ReloadAssembly
Symbol file LoadedFromMemory doesn't match image D:\Fabrica\Library\PackageCache\com.unity.visualscripting@1.7.8\Editor\VisualScripting.Core\Dependencies\YamlDotNet\Unity.VisualScripting.YamlDotNet.dll
Symbol file LoadedFromMemory doesn't match image D:\Fabrica\Library\PackageCache\com.unity.visualscripting@1.7.8\Editor\VisualScripting.Core\Dependencies\DotNetZip\Unity.VisualScripting.IonicZip.dll
Native extension for WindowsStandalone target not found
Native extension for WebGL target not found
Refreshing native plugins compatible for Editor in 1.26 ms, found 3 plugins.
Preloading 0 native plugins for Editor in 0.00 ms.
Mono: successfully reloaded assembly
- Completed reload, in  1.765 seconds
Domain Reload Profiling:
	ReloadAssembly (1767ms)
		BeginReloadAssembly (236ms)
			ExecutionOrderSort (0ms)
			DisableScriptedObjects (11ms)
			BackupInstance (0ms)
			ReleaseScriptingObjects (0ms)
			CreateAndSetChildDomain (79ms)
		EndReloadAssembly (1356ms)
			LoadAssemblies (137ms)
			RebuildTransferFunctionScriptingTraits (0ms)
			SetupTypeCache (458ms)
			ReleaseScriptCaches (1ms)
			RebuildScriptCaches (80ms)
			SetupLoadedEditorAssemblies (617ms)
				LogAssemblyErrors (0ms)
				InitializePlatformSupportModulesInManaged (27ms)
				SetLoadedEditorAssemblies (1ms)
				RefreshPlugins (1ms)
				BeforeProcessingInitializeOnLoad (127ms)
				ProcessInitializeOnLoadAttributes (386ms)
				ProcessInitializeOnLoadMethodAttributes (59ms)
				AfterProcessingInitializeOnLoad (14ms)
				EditorAssembliesLoaded (1ms)
			ExecutionOrderSort2 (0ms)
			AwakeInstancesAfterBackupRestoration (11ms)
Platform modules already initialized, skipping
Refreshing native plugins compatible for Editor in 5.86 ms, found 3 plugins.
Preloading 0 native plugins for Editor in 0.00 ms.
Unloading 3451 Unused Serialized files (Serialized files now loaded: 0)
Unloading 80 unused Assets / (10.2 MB). Loaded Objects now: 3969.
Memory consumption went from 181.5 MB to 171.3 MB.
Total: 17.877600 ms (FindLiveObjects: 1.239400 ms CreateObjectMapping: 0.479700 ms MarkObjects: 5.644000 ms  DeleteObjects: 10.513100 ms)

AssetImportParameters requested are different than current active one (requested -> active):
  custom:video-decoder-ogg-theora: a1e56fd34408186e4bbccfd4996cb3dc -> 
  custom:container-muxer-webm: aa71ff27fc2769a1b78a27578f13a17b -> 
  custom:container-demuxer-webm: 4f35f7cbe854078d1ac9338744f61a02 -> 
  custom:video-encoder-webm-vp8: eb34c28f22e8b96e1ab97ce403110664 -> 
  custom:video-codec-MediaFoundation-h265: 746d11721c4dcdbdad8f713fa42b33f4 -> 
  custom:audio-encoder-webm-vorbis: bf7c407c2cedff20999df2af8eb42d56 -> 
  custom:framework-win-MediaFoundation: 216162199b28c13a410421893ffa2e32 -> 
  custom:container-demuxer-ogg: 62fdf1f143b41e24485cea50d1cbac27 -> 
  custom:video-decoder-webm-vp8: 9c59270c3fd7afecdb556c50c9e8de78 -> 
  custom:audio-decoder-ogg-vorbis: bf7c407c2cedff20999df2af8eb42d56 -> 
========================================================================
Received Import Request.
  Time since last request: 592.012900 seconds.
  path: Assets/Picola/Animação/Idle.fbx
  artifactKey: Guid(acaf8688f92a0d342a915c47c04372d2) Importer(815301076,1909f56bfc062723c751e8b465ee728b)
Start importing Assets/Picola/Animação/Idle.fbx using Guid(acaf8688f92a0d342a915c47c04372d2) Importer(815301076,1909f56bfc062723c751e8b465ee728b)  -> (artifact id: 'a06b7b8e98b9e080221876bb7a0ff638') in 0.063803 seconds 
========================================================================
Received Prepare
Registering precompiled user dll's ...
Registered in 0.005167 seconds.
Begin MonoManager ReloadAssembly
Symbol file LoadedFromMemory doesn't match image D:\Fabrica\Library\PackageCache\com.unity.visualscripting@1.7.8\Editor\VisualScripting.Core\Dependencies\YamlDotNet\Unity.VisualScripting.YamlDotNet.dll
Symbol file LoadedFromMemory doesn't match image D:\Fabrica\Library\PackageCache\com.unity.visualscripting@1.7.8\Editor\VisualScripting.Core\Dependencies\DotNetZip\Unity.VisualScripting.IonicZip.dll
Native extension for WindowsStandalone target not found
Native extension for WebGL target not found
Refreshing native plugins compatible for Editor in 1.00 ms, found 3 plugins.
Preloading 0 native plugins for Editor in 0.00 ms.
Mono: successfully reloaded assembly
- Completed reload, in  1.180 seconds
Domain Reload Profiling:
	ReloadAssembly (1181ms)
		BeginReloadAssembly (140ms)
			ExecutionOrderSort (0ms)
			DisableScriptedObjects (6ms)
			BackupInstance (0ms)
			ReleaseScriptingObjects (0ms)
			CreateAndSetChildDomain (42ms)
		EndReloadAssembly (941ms)
			LoadAssemblies (82ms)
			RebuildTransferFunctionScriptingTraits (0ms)
			SetupTypeCache (293ms)
			ReleaseScriptCaches (1ms)
			RebuildScriptCaches (47ms)
			SetupLoadedEditorAssemblies (449ms)
				LogAssemblyErrors (0ms)
				InitializePlatformSupportModulesInManaged (20ms)
				SetLoadedEditorAssemblies (1ms)
				RefreshPlugins (1ms)
				BeforeProcessingInitializeOnLoad (75ms)
				ProcessInitializeOnLoadAttributes (300ms)
				ProcessInitializeOnLoadMethodAttributes (41ms)
				AfterProcessingInitializeOnLoad (11ms)
				EditorAssembliesLoaded (0ms)
			ExecutionOrderSort2 (0ms)
			AwakeInstancesAfterBackupRestoration (9ms)
Platform modules already initialized, skipping
Refreshing native plugins compatible for Editor in 1.92 ms, found 3 plugins.
Preloading 0 native plugins for Editor in 0.00 ms.
Unloading 3451 Unused Serialized files (Serialized files now loaded: 0)
Unloading 80 unused Assets / (10.3 MB). Loaded Objects now: 3972.
Memory consumption went from 181.6 MB to 171.3 MB.
Total: 12.487500 ms (FindLiveObjects: 0.352300 ms CreateObjectMapping: 0.412100 ms MarkObjects: 3.728100 ms  DeleteObjects: 7.993900 ms)

AssetImportParameters requested are different than current active one (requested -> active):
  custom:video-decoder-ogg-theora: a1e56fd34408186e4bbccfd4996cb3dc -> 
  custom:container-muxer-webm: aa71ff27fc2769a1b78a27578f13a17b -> 
  custom:container-demuxer-webm: 4f35f7cbe854078d1ac9338744f61a02 -> 
  custom:video-encoder-webm-vp8: eb34c28f22e8b96e1ab97ce403110664 -> 
  custom:video-codec-MediaFoundation-h265: 746d11721c4dcdbdad8f713fa42b33f4 -> 
  custom:audio-encoder-webm-vorbis: bf7c407c2cedff20999df2af8eb42d56 -> 
  custom:framework-win-MediaFoundation: 216162199b28c13a410421893ffa2e32 -> 
  custom:container-demuxer-ogg: 62fdf1f143b41e24485cea50d1cbac27 -> 
  custom:video-decoder-webm-vp8: 9c59270c3fd7afecdb556c50c9e8de78 -> 
  custom:audio-decoder-ogg-vorbis: bf7c407c2cedff20999df2af8eb42d56 -> 
========================================================================
Received Import Request.
  Time since last request: 452.557769 seconds.
  path: Assets/Picola/PicoChan/Materials/pico_bag_m.mat
  artifactKey: Guid(7b2a83947805e6446b467d3dff391145) Importer(815301076,1909f56bfc062723c751e8b465ee728b)
Start importing Assets/Picola/PicoChan/Materials/pico_bag_m.mat using Guid(7b2a83947805e6446b467d3dff391145) Importer(815301076,1909f56bfc062723c751e8b465ee728b)  -> (artifact id: '93cce7dbf236de4146884b3fcf10760b') in 0.306043 seconds 
========================================================================
Received Import Request.
  Time since last request: 0.000028 seconds.
  path: Assets/Picola/PicoChan/Materials/pico_clothes_lens_m.mat
  artifactKey: Guid(a536b623e9a4ec54581a8c2fc17418fe) Importer(815301076,1909f56bfc062723c751e8b465ee728b)
Start importing Assets/Picola/PicoChan/Materials/pico_clothes_lens_m.mat using Guid(a536b623e9a4ec54581a8c2fc17418fe) Importer(815301076,1909f56bfc062723c751e8b465ee728b)  -> (artifact id: 'a36cdf6f49e090659f01a68be732277a') in 0.597647 seconds 
========================================================================
Received Import Request.
  Time since last request: 0.000029 seconds.
  path: Assets/Picola/PicoChan/Materials/pico_body_metal_m.mat
  artifactKey: Guid(931caee363d9040409f9d43593d21469) Importer(815301076,1909f56bfc062723c751e8b465ee728b)
Start importing Assets/Picola/PicoChan/Materials/pico_body_metal_m.mat using Guid(931caee363d9040409f9d43593d21469) Importer(815301076,1909f56bfc062723c751e8b465ee728b)  -> (artifact id: '8ad5743e020911d70a86f048fa3fc98a') in 0.493098 seconds 
========================================================================
Received Import Request.
  Time since last request: 0.000021 seconds.
  path: Assets/Picola/PicoChan/Materials/pico_clothes_metal_m.mat
  artifactKey: Guid(ca05c380c9340bf49ad5c5f0b8669a49) Importer(815301076,1909f56bfc062723c751e8b465ee728b)
Start importing Assets/Picola/PicoChan/Materials/pico_clothes_metal_m.mat using Guid(ca05c380c9340bf49ad5c5f0b8669a49) Importer(815301076,1909f56bfc062723c751e8b465ee728b)  -> (artifact id: 'f37cd459ea44e6b9bfb1bd88444656bf') in 0.243353 seconds 
========================================================================
Received Import Request.
  Time since last request: 0.000061 seconds.
  path: Assets/Picola/PicoChan/Materials/pico_eye_h_m.mat
  artifactKey: Guid(f974f43b29494b941906f0eb9d727614) Importer(815301076,1909f56bfc062723c751e8b465ee728b)
Start importing Assets/Picola/PicoChan/Materials/pico_eye_h_m.mat using Guid(f974f43b29494b941906f0eb9d727614) Importer(815301076,1909f56bfc062723c751e8b465ee728b)  -> (artifact id: 'fa249c9dde61fb67f6e81087371479a2') in 0.515988 seconds 
========================================================================
Received Import Request.
  Time since last request: 0.000060 seconds.
  path: Assets/Picola/PicoChan/Materials/pico_eye_m.mat
  artifactKey: Guid(878aefd75248a2046904bc20188aeef8) Importer(815301076,1909f56bfc062723c751e8b465ee728b)
Start importing Assets/Picola/PicoChan/Materials/pico_eye_m.mat using Guid(878aefd75248a2046904bc20188aeef8) Importer(815301076,1909f56bfc062723c751e8b465ee728b)  -> (artifact id: 'a661ad3275e76f4604ef57b5b85c1311') in 0.207853 seconds 
========================================================================
Received Import Request.
  Time since last request: 504.530918 seconds.
  path: Assets/Scripts/Point.cs
  artifactKey: Guid(c20ee03bc690f0e40afb2a4e8952dbe4) Importer(815301076,1909f56bfc062723c751e8b465ee728b)
Start importing Assets/Scripts/Point.cs using Guid(c20ee03bc690f0e40afb2a4e8952dbe4) Importer(815301076,1909f56bfc062723c751e8b465ee728b)  -> (artifact id: '0b6ba2806c0dae432873fb53c60071a9') in 0.081221 seconds 
========================================================================
Received Import Request.
  Time since last request: 10.709921 seconds.
  path: Assets/Scripts/Parasite.cs
  artifactKey: Guid(e0ba0c940fe7b6f49bc25904f5a64615) Importer(815301076,1909f56bfc062723c751e8b465ee728b)
Start importing Assets/Scripts/Parasite.cs using Guid(e0ba0c940fe7b6f49bc25904f5a64615) Importer(815301076,1909f56bfc062723c751e8b465ee728b)  -> (artifact id: '859c69e9a96aa7a42df86a77106161a3') in 0.017562 seconds 
========================================================================
Received Import Request.
  Time since last request: 6.460973 seconds.
  path: Assets/Scripts/Patrol.cs
  artifactKey: Guid(54618f28ab5ffac4e990224e380ee916) Importer(815301076,1909f56bfc062723c751e8b465ee728b)
Start importing Assets/Scripts/Patrol.cs using Guid(54618f28ab5ffac4e990224e380ee916) Importer(815301076,1909f56bfc062723c751e8b465ee728b)  -> (artifact id: 'dbcade4a2f0bd17bb4aa27c6ec21df05') in 0.027570 seconds 
========================================================================
Received Prepare
Registering precompiled user dll's ...
Registered in 0.005089 seconds.
Begin MonoManager ReloadAssembly
Symbol file LoadedFromMemory doesn't match image D:\Fabrica\Library\PackageCache\com.unity.visualscripting@1.7.8\Editor\VisualScripting.Core\Dependencies\YamlDotNet\Unity.VisualScripting.YamlDotNet.dll
Symbol file LoadedFromMemory doesn't match image D:\Fabrica\Library\PackageCache\com.unity.visualscripting@1.7.8\Editor\VisualScripting.Core\Dependencies\DotNetZip\Unity.VisualScripting.IonicZip.dll
Native extension for WindowsStandalone target not found
Native extension for WebGL target not found
Refreshing native plugins compatible for Editor in 0.65 ms, found 3 plugins.
Preloading 0 native plugins for Editor in 0.00 ms.
Mono: successfully reloaded assembly
- Completed reload, in  0.998 seconds
Domain Reload Profiling:
	ReloadAssembly (998ms)
		BeginReloadAssembly (144ms)
			ExecutionOrderSort (0ms)
			DisableScriptedObjects (5ms)
			BackupInstance (0ms)
			ReleaseScriptingObjects (0ms)
			CreateAndSetChildDomain (50ms)
		EndReloadAssembly (747ms)
			LoadAssemblies (94ms)
			RebuildTransferFunctionScriptingTraits (0ms)
			SetupTypeCache (255ms)
			ReleaseScriptCaches (1ms)
			RebuildScriptCaches (41ms)
			SetupLoadedEditorAssemblies (317ms)
				LogAssemblyErrors (0ms)
				InitializePlatformSupportModulesInManaged (14ms)
				SetLoadedEditorAssemblies (0ms)
				RefreshPlugins (1ms)
				BeforeProcessingInitializeOnLoad (65ms)
				ProcessInitializeOnLoadAttributes (203ms)
				ProcessInitializeOnLoadMethodAttributes (27ms)
				AfterProcessingInitializeOnLoad (7ms)
				EditorAssembliesLoaded (0ms)
			ExecutionOrderSort2 (0ms)
			AwakeInstancesAfterBackupRestoration (5ms)
Platform modules already initialized, skipping
Refreshing native plugins compatible for Editor in 1.53 ms, found 3 plugins.
Preloading 0 native plugins for Editor in 0.00 ms.
Unloading 3454 Unused Serialized files (Serialized files now loaded: 0)
Unloading 80 unused Assets / (10.2 MB). Loaded Objects now: 4011.
Memory consumption went from 181.7 MB to 171.5 MB.
Total: 7.745000 ms (FindLiveObjects: 0.277300 ms CreateObjectMapping: 0.159700 ms MarkObjects: 2.539700 ms  DeleteObjects: 4.767600 ms)

AssetImportParameters requested are different than current active one (requested -> active):
  custom:video-decoder-ogg-theora: a1e56fd34408186e4bbccfd4996cb3dc -> 
  custom:container-muxer-webm: aa71ff27fc2769a1b78a27578f13a17b -> 
  custom:container-demuxer-webm: 4f35f7cbe854078d1ac9338744f61a02 -> 
  custom:video-encoder-webm-vp8: eb34c28f22e8b96e1ab97ce403110664 -> 
  custom:video-codec-MediaFoundation-h265: 746d11721c4dcdbdad8f713fa42b33f4 -> 
  custom:audio-encoder-webm-vorbis: bf7c407c2cedff20999df2af8eb42d56 -> 
  custom:framework-win-MediaFoundation: 216162199b28c13a410421893ffa2e32 -> 
  custom:container-demuxer-ogg: 62fdf1f143b41e24485cea50d1cbac27 -> 
  custom:video-decoder-webm-vp8: 9c59270c3fd7afecdb556c50c9e8de78 -> 
  custom:audio-decoder-ogg-vorbis: bf7c407c2cedff20999df2af8eb42d56 -> 
